{"level":"info","file":"./providers/logger/data/app.log","level_console":"trace","level_file":"trace","time":"2025-10-19T21:55:49+03:00","message":"logger initialized"}
{"level":"debug","component":"app","log_level":"trace","time":"2025-10-19T21:55:49+03:00","message":"logging level has been configured"}
{"level":"debug","component":"app","time":"2025-10-19T21:55:49+03:00","message":"Redis has been initialized"}
{"level":"debug","component":"app","time":"2025-10-19T21:55:49+03:00","message":"RabbitMQ client has been initialized"}
{"level":"debug","component":"telegram","account":"v_delayed_notifier_bot","time":"2025-10-19T21:55:50+03:00","message":"authorized on account"}
{"level":"debug","component":"app","time":"2025-10-19T21:55:50+03:00","message":"telegram client has been initialized"}
{"level":"debug","component":"app","time":"2025-10-19T21:55:50+03:00","message":"email client has been initialized"}
{"level":"debug","component":"app","time":"2025-10-19T21:55:50+03:00","message":"repository has been initialized"}
{"level":"debug","component":"app","time":"2025-10-19T21:55:50+03:00","message":"service has been initialized"}
{"level":"debug","component":"app","time":"2025-10-19T21:55:50+03:00","message":"transport has been initialized"}
{"level":"info","component":"app","time":"2025-10-19T21:55:50+03:00","message":"dependencies have been initialized successfully"}
{"level":"debug","layer":"transport","component-1":"HTTP","addr":":7777","time":"2025-10-19T21:55:50+03:00","message":"\u001b[33m➤\u001b[0m http server starting..."}
{"level":"trace","component":"handler-healthHandler","handler":"healthHandler","time":"2025-10-19T21:55:52+03:00","message":"----- handler is starting"}
{"level":"trace","component":"handler-healthHandler","handler":"healthHandler","time":"2025-10-19T21:55:52+03:00","message":"----- handler stopped"}
{"level":"info","layer":"transport","component-1":"HTTP","addr":":7777","time":"2025-10-19T21:55:52+03:00","message":"\u001b[34mℹ️\u001b[0m http server started successfully"}
{"level":"debug","component":"telegram","time":"2025-10-19T21:55:52+03:00","message":"checking telegram webhook..."}
{"level":"debug","component":"telegram","URL":"https://shamelessly-jaunty-chickadee.cloudpub.ru/telegram/webhook","has custom certificate":false,"pending update count":0,"time":"2025-10-19T21:55:53+03:00","message":"current webhook info"}
{"level":"info","component":"telegram","time":"2025-10-19T21:55:53+03:00","message":"the webhook has not changed"}
{"level":"trace","layer":"service","component-1":"ConsumeNoticeService","method":"Consume","time":"2025-10-19T21:55:53+03:00","message":"\u001b[32m🟢\u001b[0m method starting"}
{"level":"info","layer":"service","component-1":"ConsumeNoticeService","method":"Consume","time":"2025-10-19T21:55:53+03:00","message":"\u001b[34mℹ️\u001b[0m consumer started"}
{"level":"trace","layer":"service","component-1":"ConsumeNoticeService","method":"Consume","time":"2025-10-19T21:55:53+03:00","message":"\u001b[31m🟢\u001b[0m method stopped"}
{"level":"trace","component":"handler-telegramHandler","handler":"WebHookHandler","time":"2025-10-19T21:57:55+03:00","message":"----- handler is starting"}
{"level":"trace","layer":"service","component-1":"TelegramStartService","method":"Start","time":"2025-10-19T21:57:55+03:00","message":"\u001b[32m🟢\u001b[0m method starting"}
{"level":"trace","layer":"service","component-1":"TelegramStartService","method":"Start","username":"golovanevvs","chat ID":929591673,"message":"/start","time":"2025-10-19T21:57:55+03:00","message":"\u001b[33m➤\u001b[0m starting handle /start..."}
{"level":"debug","component":"telegram","chatID":929591673,"message":"Telegram successfully linked!","time":"2025-10-19T21:57:55+03:00","message":"message sent"}
{"level":"debug","component":"telegram","chatID":929591673,"time":"2025-10-19T21:57:55+03:00","message":"Telegram successfully linked"}
{"level":"trace","layer":"service","component-1":"TelegramStartService","method":"Start","username":"golovanevvs","chat ID":929591673,"message":"/start","time":"2025-10-19T21:57:55+03:00","message":"\u001b[32m✔\u001b[0m Command /start executed successfully"}
{"level":"trace","layer":"service","component-1":"TelegramStartService","method":"Start","username":"golovanevvs","chat ID":929591673,"time":"2025-10-19T21:57:55+03:00","message":"\u001b[33m➤\u001b[0m saving name, chat ID to repository..."}
{"level":"trace","layer":"repository","component-1":"RpRedis","component-2":"RpRedisSaveTelChatID","method":"SaveTelegramChatID","time":"2025-10-19T21:57:55+03:00","message":"\u001b[32m🟢\u001b[0m method starting"}
{"level":"trace","layer":"repository","component-1":"RpRedis","component-2":"RpRedisSaveTelChatID","method":"SaveTelegramChatID","username":"golovanevvs","chat ID":929591673,"time":"2025-10-19T21:57:55+03:00","message":"\u001b[33m➤\u001b[0m saving name, chat ID to Redis..."}
{"level":"trace","layer":"repository","component-1":"RpRedis","component-2":"RpRedisSaveTelChatID","method":"SaveTelegramChatID","username":"golovanevvs","chat ID":929591673,"time":"2025-10-19T21:57:55+03:00","message":"\u001b[32m✔\u001b[0m name, chat ID saved to Redis successfully"}
{"level":"trace","layer":"repository","component-1":"RpRedis","component-2":"RpRedisSaveTelChatID","method":"SaveTelegramChatID","time":"2025-10-19T21:57:55+03:00","message":"\u001b[31m🟢\u001b[0m method stopped"}
{"level":"trace","layer":"service","component-1":"TelegramStartService","method":"Start","username":"golovanevvs","chat ID":929591673,"time":"2025-10-19T21:57:55+03:00","message":"\u001b[32m✔\u001b[0m name, chat ID saved to repository successfully"}
{"level":"trace","layer":"service","component-1":"TelegramStartService","method":"Start","time":"2025-10-19T21:57:55+03:00","message":"\u001b[31m🟢\u001b[0m method stopped"}
{"level":"debug","component":"handler-telegramHandler","handler":"WebHookHandler","chatID":929591673,"message_body":"/start","time":"2025-10-19T21:57:55+03:00","message":"Telegram message processed"}
{"level":"trace","component":"handler-telegramHandler","handler":"WebHookHandler","time":"2025-10-19T21:57:55+03:00","message":"----- handler stopped"}
{"level":"warn","component":"app","time":"2025-10-19T22:02:54+03:00","message":"Shutdown signal received, gracefully shutting down..."}
{"level":"debug","layer":"transport","component-1":"HTTP","addr":":7777","time":"2025-10-19T22:02:54+03:00","message":"\u001b[33m➤\u001b[0m http server stopping..."}
{"level":"info","layer":"transport","component-1":"HTTP","addr":":7777","time":"2025-10-19T22:02:54+03:00","message":"\u001b[34mℹ️\u001b[0m http server stopped successfully"}
{"level":"debug","resource":"RabbitMQ client","time":"2025-10-19T22:02:54+03:00","message":"resource closed"}
{"level":"debug","resource":"Redis client","time":"2025-10-19T22:02:54+03:00","message":"resource closed"}
{"level":"info","file":"./providers/logger/data/app.log","level_console":"info","level_file":"trace","time":"2025-10-19T22:03:29+03:00","message":"logger initialized"}
{"level":"debug","component":"app","log_level":"info","time":"2025-10-19T22:03:29+03:00","message":"logging level has been configured"}
{"level":"debug","component":"app","time":"2025-10-19T22:03:29+03:00","message":"Redis has been initialized"}
{"level":"debug","component":"app","time":"2025-10-19T22:03:29+03:00","message":"RabbitMQ client has been initialized"}
{"level":"debug","component":"telegram","account":"v_delayed_notifier_bot","time":"2025-10-19T22:03:30+03:00","message":"authorized on account"}
{"level":"debug","component":"app","time":"2025-10-19T22:03:30+03:00","message":"telegram client has been initialized"}
{"level":"debug","component":"app","time":"2025-10-19T22:03:30+03:00","message":"email client has been initialized"}
{"level":"debug","component":"app","time":"2025-10-19T22:03:30+03:00","message":"repository has been initialized"}
{"level":"debug","component":"app","time":"2025-10-19T22:03:30+03:00","message":"service has been initialized"}
{"level":"debug","component":"app","time":"2025-10-19T22:03:30+03:00","message":"transport has been initialized"}
{"level":"info","component":"app","time":"2025-10-19T22:03:30+03:00","message":"dependencies have been initialized successfully"}
{"level":"debug","layer":"transport","component-1":"HTTP","addr":":7777","time":"2025-10-19T22:03:30+03:00","message":"\u001b[33m➤\u001b[0m http server starting..."}
{"level":"trace","component":"handler-healthHandler","handler":"healthHandler","time":"2025-10-19T22:03:31+03:00","message":"----- handler is starting"}
{"level":"trace","component":"handler-healthHandler","handler":"healthHandler","time":"2025-10-19T22:03:31+03:00","message":"----- handler stopped"}
{"level":"info","layer":"transport","component-1":"HTTP","addr":":7777","time":"2025-10-19T22:03:32+03:00","message":"\u001b[34mℹ️\u001b[0m http server started successfully"}
{"level":"debug","component":"telegram","time":"2025-10-19T22:03:32+03:00","message":"checking telegram webhook..."}
{"level":"debug","component":"telegram","URL":"https://shamelessly-jaunty-chickadee.cloudpub.ru/telegram/webhook","has custom certificate":false,"pending update count":0,"time":"2025-10-19T22:03:32+03:00","message":"current webhook info"}
{"level":"info","component":"telegram","time":"2025-10-19T22:03:32+03:00","message":"the webhook has not changed"}
{"level":"trace","layer":"service","component-1":"ConsumeNoticeService","method":"Consume","time":"2025-10-19T22:03:32+03:00","message":"\u001b[32m🟢\u001b[0m method starting"}
{"level":"info","layer":"service","component-1":"ConsumeNoticeService","method":"Consume","time":"2025-10-19T22:03:32+03:00","message":"\u001b[34mℹ️\u001b[0m consumer started"}
{"level":"trace","layer":"service","component-1":"ConsumeNoticeService","method":"Consume","time":"2025-10-19T22:03:32+03:00","message":"\u001b[31m🟢\u001b[0m method stopped"}
{"level":"warn","component":"app","time":"2025-10-19T22:05:52+03:00","message":"Shutdown signal received, gracefully shutting down..."}
{"level":"debug","layer":"transport","component-1":"HTTP","addr":":7777","time":"2025-10-19T22:05:52+03:00","message":"\u001b[33m➤\u001b[0m http server stopping..."}
{"level":"info","layer":"transport","component-1":"HTTP","addr":":7777","time":"2025-10-19T22:05:52+03:00","message":"\u001b[34mℹ️\u001b[0m http server stopped successfully"}
{"level":"debug","resource":"RabbitMQ client","time":"2025-10-19T22:05:52+03:00","message":"resource closed"}
{"level":"debug","resource":"Redis client","time":"2025-10-19T22:05:52+03:00","message":"resource closed"}
{"level":"info","file":"./providers/logger/data/app.log","level_console":"info","level_file":"trace","time":"2025-10-19T22:06:00+03:00","message":"logger initialized"}
{"level":"debug","component":"app","log_level":"info","time":"2025-10-19T22:06:00+03:00","message":"logging level has been configured"}
{"level":"debug","component":"app","time":"2025-10-19T22:06:00+03:00","message":"Redis has been initialized"}
{"level":"debug","component":"app","time":"2025-10-19T22:06:00+03:00","message":"RabbitMQ client has been initialized"}
{"level":"info","file":"./providers/logger/data/app.log","level_console":"info","level_file":"trace","time":"2025-10-19T22:06:46+03:00","message":"logger initialized"}
{"level":"debug","component":"app","log_level":"info","time":"2025-10-19T22:06:46+03:00","message":"logging level has been configured"}
{"level":"debug","component":"app","time":"2025-10-19T22:06:46+03:00","message":"Redis has been initialized"}
{"level":"debug","component":"app","time":"2025-10-19T22:06:46+03:00","message":"RabbitMQ client has been initialized"}
{"level":"debug","component":"telegram","account":"v_delayed_notifier_bot","time":"2025-10-19T22:06:46+03:00","message":"authorized on account"}
{"level":"debug","component":"app","time":"2025-10-19T22:06:46+03:00","message":"telegram client has been initialized"}
{"level":"debug","component":"app","time":"2025-10-19T22:06:46+03:00","message":"email client has been initialized"}
{"level":"debug","component":"app","time":"2025-10-19T22:06:46+03:00","message":"repository has been initialized"}
{"level":"debug","component":"app","time":"2025-10-19T22:06:46+03:00","message":"service has been initialized"}
{"level":"debug","component":"app","time":"2025-10-19T22:06:46+03:00","message":"transport has been initialized"}
{"level":"info","component":"app","time":"2025-10-19T22:06:46+03:00","message":"dependencies have been initialized successfully"}
{"level":"debug","layer":"transport","component-1":"HTTP","addr":":7777","time":"2025-10-19T22:06:46+03:00","message":"\u001b[33m➤\u001b[0m http server starting..."}
{"level":"trace","component":"handler-healthHandler","handler":"healthHandler","time":"2025-10-19T22:06:48+03:00","message":"----- handler is starting"}
{"level":"trace","component":"handler-healthHandler","handler":"healthHandler","time":"2025-10-19T22:06:48+03:00","message":"----- handler stopped"}
{"level":"info","layer":"transport","component-1":"HTTP","addr":":7777","time":"2025-10-19T22:06:48+03:00","message":"\u001b[34mℹ️\u001b[0m http server started successfully"}
{"level":"debug","component":"telegram","time":"2025-10-19T22:06:48+03:00","message":"checking telegram webhook..."}
{"level":"debug","component":"telegram","URL":"https://shamelessly-jaunty-chickadee.cloudpub.ru/telegram/webhook","has custom certificate":false,"pending update count":0,"time":"2025-10-19T22:06:48+03:00","message":"current webhook info"}
{"level":"info","component":"telegram","time":"2025-10-19T22:06:48+03:00","message":"the webhook has not changed"}
{"level":"trace","layer":"service","component-1":"ConsumeNoticeService","method":"Consume","time":"2025-10-19T22:06:48+03:00","message":"\u001b[32m🟢\u001b[0m method starting"}
{"level":"info","layer":"service","component-1":"ConsumeNoticeService","method":"Consume","time":"2025-10-19T22:06:48+03:00","message":"\u001b[34mℹ️\u001b[0m consumer started"}
{"level":"trace","layer":"service","component-1":"ConsumeNoticeService","method":"Consume","time":"2025-10-19T22:06:48+03:00","message":"\u001b[31m🟢\u001b[0m method stopped"}
{"level":"warn","component":"app","time":"2025-10-19T22:07:33+03:00","message":"Shutdown signal received, gracefully shutting down..."}
{"level":"debug","layer":"transport","component-1":"HTTP","addr":":7777","time":"2025-10-19T22:07:33+03:00","message":"\u001b[33m➤\u001b[0m http server stopping..."}
{"level":"info","layer":"transport","component-1":"HTTP","addr":":7777","time":"2025-10-19T22:07:33+03:00","message":"\u001b[34mℹ️\u001b[0m http server stopped successfully"}
{"level":"debug","resource":"RabbitMQ client","time":"2025-10-19T22:07:33+03:00","message":"resource closed"}
{"level":"debug","resource":"Redis client","time":"2025-10-19T22:07:33+03:00","message":"resource closed"}
